<?xml version="1.0" encoding="UTF-8"?>
<testsuite name="LibraryTest" tests="2" skipped="0" failures="1" errors="0" timestamp="2018-12-02T00:08:35" hostname="LAPTOP-2K3TV6NU" time="0.049">
  <properties/>
  <testcase name="testRollMethod" classname="LibraryTest" time="0.009"/>
  <testcase name="testCalcAverageMethod" classname="LibraryTest" time="0.039">
    <failure message="java.lang.StackOverflowError" type="java.lang.StackOverflowError">java.lang.StackOverflowError
	at Library.calcAverage(Library.java:26)
	at Library.calcAverage(Library.java:26)
	at Library.calcAverage(Library.java:26)
	at Library.calcAverage(Library.java:26)
	at Library.calcAverage(Library.java:26)
	at Library.calcAverage(Library.java:26)
	at Library.calcAverage(Library.java:26)
	at Library.calcAverage(Library.java:26)
	at Library.calcAverage(Library.java:26)
	at Library.calcAverage(Library.java:26)
	at Library.calcAverage(Library.java:26)
	at Library.calcAverage(Library.java:26)
	at Library.calcAverage(Library.java:26)
	at Library.calcAverage(Library.java:26)
	at Library.calcAverage(Library.java:26)
	at Library.calcAverage(Library.java:26)
	at Library.calcAverage(Library.java:26)
	at Library.calcAverage(Library.java:26)
	at Library.calcAverage(Library.java:26)
	at Library.calcAverage(Library.java:26)
	at Library.calcAverage(Library.java:26)
	at Library.calcAverage(Library.java:26)
	at Library.calcAverage(Library.java:26)
	at Library.calcAverage(Library.java:26)
	at Library.calcAverage(Library.java:26)
	at Library.calcAverage(Library.java:26)
	at Library.calcAverage(Library.java:26)
	at Library.calcAverage(Library.java:26)
	at Library.calcAverage(Library.java:26)
	at Library.calcAverage(Library.java:26)
	at Library.calcAverage(Library.java:26)
	at Library.calcAverage(Library.java:26)
	at Library.calcAverage(Library.java:26)
	at Library.calcAverage(Library.java:26)
	at Library.calcAverage(Library.java:26)
	at Library.calcAverage(Library.java:26)
	at Library.calcAverage(Library.java:26)
	at Library.calcAverage(Library.java:26)
	at Library.calcAverage(Library.java:26)
	at Library.calcAverage(Library.java:26)
	at Library.calcAverage(Library.java:26)
	at Library.calcAverage(Library.java:26)
	at Library.calcAverage(Library.java:26)
	at Library.calcAverage(Library.java:26)
	at Library.calcAverage(Library.java:26)
	at Library.calcAverage(Library.java:26)
	at Library.calcAverage(Library.java:26)
	at Library.calcAverage(Library.java:26)
	at Library.calcAverage(Library.java:26)
	at Library.calcAverage(Library.java:26)
	at Library.calcAverage(Library.java:26)
	at Library.calcAverage(Library.java:26)
	at Library.calcAverage(Library.java:26)
	at Library.calcAverage(Library.java:26)
	at Library.calcAverage(Library.java:26)
	at Library.calcAverage(Library.java:26)
	at Library.calcAverage(Library.java:26)
	at Library.calcAverage(Library.java:26)
	at Library.calcAverage(Library.java:26)
	at Library.calcAverage(Library.java:26)
	at Library.calcAverage(Library.java:26)
	at Library.calcAverage(Library.java:26)
	at Library.calcAverage(Library.java:26)
	at Library.calcAverage(Library.java:26)
	at Library.calcAverage(Library.java:26)
	at Library.calcAverage(Library.java:26)
	at Library.calcAverage(Library.java:26)
	at Library.calcAverage(Library.java:26)
	at Library.calcAverage(Library.java:26)
	at Library.calcAverage(Library.java:26)
	at Library.calcAverage(Library.java:26)
	at Library.calcAverage(Library.java:26)
	at Library.calcAverage(Library.java:26)
	at Library.calcAverage(Library.java:26)
	at Library.calcAverage(Library.java:26)
	at Library.calcAverage(Library.java:26)
	at Library.calcAverage(Library.java:26)
	at Library.calcAverage(Library.java:26)
	at Library.calcAverage(Library.java:26)
	at Library.calcAverage(Library.java:26)
	at Library.calcAverage(Library.java:26)
	at Library.calcAverage(Library.java:26)
	at Library.calcAverage(Library.java:26)
	at Library.calcAverage(Library.java:26)
	at Library.calcAverage(Library.java:26)
	at Library.calcAverage(Library.java:26)
	at Library.calcAverage(Library.java:26)
	at Library.calcAverage(Library.java:26)
	at Library.calcAverage(Library.java:26)
	at Library.calcAverage(Library.java:26)
	at Library.calcAverage(Library.java:26)
	at Library.calcAverage(Library.java:26)
	at Library.calcAverage(Library.java:26)
	at Library.calcAverage(Library.java:26)
	at Library.calcAverage(Library.java:26)
	at Library.calcAverage(Library.java:26)
	at Library.calcAverage(Library.java:26)
	at Library.calcAverage(Library.java:26)
	at Library.calcAverage(Library.java:26)
	at Library.calcAverage(Library.java:26)
	at Library.calcAverage(Library.java:26)
	at Library.calcAverage(Library.java:26)
	at Library.calcAverage(Library.java:26)
	at Library.calcAverage(Library.java:26)
	at Library.calcAverage(Library.java:26)
	at Library.calcAverage(Library.java:26)
	at Library.calcAverage(Library.java:26)
	at Library.calcAverage(Library.java:26)
	at Library.calcAverage(Library.java:26)
	at Library.calcAverage(Library.java:26)
	at Library.calcAverage(Library.java:26)
	at Library.calcAverage(Library.java:26)
	at Library.calcAverage(Library.java:26)
	at Library.calcAverage(Library.java:26)
	at Library.calcAverage(Library.java:26)
	at Library.calcAverage(Library.java:26)
	at Library.calcAverage(Library.java:26)
	at Library.calcAverage(Library.java:26)
	at Library.calcAverage(Library.java:26)
	at Library.calcAverage(Library.java:26)
	at Library.calcAverage(Library.java:26)
	at Library.calcAverage(Library.java:26)
	at Library.calcAverage(Library.java:26)
	at Library.calcAverage(Library.java:26)
	at Library.calcAverage(Library.java:26)
	at Library.calcAverage(Library.java:26)
	at Library.calcAverage(Library.java:26)
	at Library.calcAverage(Library.java:26)
	at Library.calcAverage(Library.java:26)
	at Library.calcAverage(Library.java:26)
	at Library.calcAverage(Library.java:26)
	at Library.calcAverage(Library.java:26)
	at Library.calcAverage(Library.java:26)
	at Library.calcAverage(Library.java:26)
	at Library.calcAverage(Library.java:26)
	at Library.calcAverage(Library.java:26)
	at Library.calcAverage(Library.java:26)
	at Library.calcAverage(Library.java:26)
	at Library.calcAverage(Library.java:26)
	at Library.calcAverage(Library.java:26)
	at Library.calcAverage(Library.java:26)
	at Library.calcAverage(Library.java:26)
	at Library.calcAverage(Library.java:26)
	at Library.calcAverage(Library.java:26)
	at Library.calcAverage(Library.java:26)
	at Library.calcAverage(Library.java:26)
	at Library.calcAverage(Library.java:26)
	at Library.calcAverage(Library.java:26)
	at Library.calcAverage(Library.java:26)
	at Library.calcAverage(Library.java:26)
	at Library.calcAverage(Library.java:26)
	at Library.calcAverage(Library.java:26)
	at Library.calcAverage(Library.java:26)
	at Library.calcAverage(Library.java:26)
	at Library.calcAverage(Library.java:26)
	at Library.calcAverage(Library.java:26)
	at Library.calcAverage(Library.java:26)
	at Library.calcAverage(Library.java:26)
	at Library.calcAverage(Library.java:26)
	at Library.calcAverage(Library.java:26)
	at Library.calcAverage(Library.java:26)
	at Library.calcAverage(Library.java:26)
	at Library.calcAverage(Library.java:26)
	at Library.calcAverage(Library.java:26)
	at Library.calcAverage(Library.java:26)
	at Library.calcAverage(Library.java:26)
	at Library.calcAverage(Library.java:26)
	at Library.calcAverage(Library.java:26)
	at Library.calcAverage(Library.java:26)
	at Library.calcAverage(Library.java:26)
	at Library.calcAverage(Library.java:26)
	at Library.calcAverage(Library.java:26)
	at Library.calcAverage(Library.java:26)
	at Library.calcAverage(Library.java:26)
	at Library.calcAverage(Library.java:26)
	at Library.calcAverage(Library.java:26)
	at Library.calcAverage(Library.java:26)
	at Library.calcAverage(Library.java:26)
	at Library.calcAverage(Library.java:26)
	at Library.calcAverage(Library.java:26)
	at Library.calcAverage(Library.java:26)
	at Library.calcAverage(Library.java:26)
	at Library.calcAverage(Library.java:26)
	at Library.calcAverage(Library.java:26)
	at Library.calcAverage(Library.java:26)
	at Library.calcAverage(Library.java:26)
	at Library.calcAverage(Library.java:26)
	at Library.calcAverage(Library.java:26)
	at Library.calcAverage(Library.java:26)
	at Library.calcAverage(Library.java:26)
	at Library.calcAverage(Library.java:26)
	at Library.calcAverage(Library.java:26)
	at Library.calcAverage(Library.java:26)
	at Library.calcAverage(Library.java:26)
	at Library.calcAverage(Library.java:26)
	at Library.calcAverage(Library.java:26)
	at Library.calcAverage(Library.java:26)
	at Library.calcAverage(Library.java:26)
	at Library.calcAverage(Library.java:26)
	at Library.calcAverage(Library.java:26)
	at Library.calcAverage(Library.java:26)
	at Library.calcAverage(Library.java:26)
	at Library.calcAverage(Library.java:26)
	at Library.calcAverage(Library.java:26)
	at Library.calcAverage(Library.java:26)
	at Library.calcAverage(Library.java:26)
	at Library.calcAverage(Library.java:26)
	at Library.calcAverage(Library.java:26)
	at Library.calcAverage(Library.java:26)
	at Library.calcAverage(Library.java:26)
	at Library.calcAverage(Library.java:26)
	at Library.calcAverage(Library.java:26)
	at Library.calcAverage(Library.java:26)
	at Library.calcAverage(Library.java:26)
	at Library.calcAverage(Library.java:26)
	at Library.calcAverage(Library.java:26)
	at Library.calcAverage(Library.java:26)
	at Library.calcAverage(Library.java:26)
	at Library.calcAverage(Library.java:26)
	at Library.calcAverage(Library.java:26)
	at Library.calcAverage(Library.java:26)
	at Library.calcAverage(Library.java:26)
	at Library.calcAverage(Library.java:26)
	at Library.calcAverage(Library.java:26)
	at Library.calcAverage(Library.java:26)
	at Library.calcAverage(Library.java:26)
	at Library.calcAverage(Library.java:26)
	at Library.calcAverage(Library.java:26)
	at Library.calcAverage(Library.java:26)
	at Library.calcAverage(Library.java:26)
	at Library.calcAverage(Library.java:26)
	at Library.calcAverage(Library.java:26)
	at Library.calcAverage(Library.java:26)
	at Library.calcAverage(Library.java:26)
	at Library.calcAverage(Library.java:26)
	at Library.calcAverage(Library.java:26)
	at Library.calcAverage(Library.java:26)
	at Library.calcAverage(Library.java:26)
	at Library.calcAverage(Library.java:26)
	at Library.calcAverage(Library.java:26)
	at Library.calcAverage(Library.java:26)
	at Library.calcAverage(Library.java:26)
	at Library.calcAverage(Library.java:26)
	at Library.calcAverage(Library.java:26)
	at Library.calcAverage(Library.java:26)
	at Library.calcAverage(Library.java:26)
	at Library.calcAverage(Library.java:26)
	at Library.calcAverage(Library.java:26)
	at Library.calcAverage(Library.java:26)
	at Library.calcAverage(Library.java:26)
	at Library.calcAverage(Library.java:26)
	at Library.calcAverage(Library.java:26)
	at Library.calcAverage(Library.java:26)
	at Library.calcAverage(Library.java:26)
	at Library.calcAverage(Library.java:26)
	at Library.calcAverage(Library.java:26)
	at Library.calcAverage(Library.java:26)
	at Library.calcAverage(Library.java:26)
	at Library.calcAverage(Library.java:26)
	at Library.calcAverage(Library.java:26)
	at Library.calcAverage(Library.java:26)
	at Library.calcAverage(Library.java:26)
	at Library.calcAverage(Library.java:26)
	at Library.calcAverage(Library.java:26)
	at Library.calcAverage(Library.java:26)
	at Library.calcAverage(Library.java:26)
	at Library.calcAverage(Library.java:26)
	at Library.calcAverage(Library.java:26)
	at Library.calcAverage(Library.java:26)
	at Library.calcAverage(Library.java:26)
	at Library.calcAverage(Library.java:26)
	at Library.calcAverage(Library.java:26)
	at Library.calcAverage(Library.java:26)
	at Library.calcAverage(Library.java:26)
	at Library.calcAverage(Library.java:26)
	at Library.calcAverage(Library.java:26)
	at Library.calcAverage(Library.java:26)
	at Library.calcAverage(Library.java:26)
	at Library.calcAverage(Library.java:26)
	at Library.calcAverage(Library.java:26)
	at Library.calcAverage(Library.java:26)
	at Library.calcAverage(Library.java:26)
	at Library.calcAverage(Library.java:26)
	at Library.calcAverage(Library.java:26)
	at Library.calcAverage(Library.java:26)
	at Library.calcAverage(Library.java:26)
	at Library.calcAverage(Library.java:26)
	at Library.calcAverage(Library.java:26)
	at Library.calcAverage(Library.java:26)
	at Library.calcAverage(Library.java:26)
	at Library.calcAverage(Library.java:26)
	at Library.calcAverage(Library.java:26)
	at Library.calcAverage(Library.java:26)
	at Library.calcAverage(Library.java:26)
	at Library.calcAverage(Library.java:26)
	at Library.calcAverage(Library.java:26)
	at Library.calcAverage(Library.java:26)
	at Library.calcAverage(Library.java:26)
	at Library.calcAverage(Library.java:26)
	at Library.calcAverage(Library.java:26)
	at Library.calcAverage(Library.java:26)
	at Library.calcAverage(Library.java:26)
	at Library.calcAverage(Library.java:26)
	at Library.calcAverage(Library.java:26)
	at Library.calcAverage(Library.java:26)
	at Library.calcAverage(Library.java:26)
	at Library.calcAverage(Library.java:26)
	at Library.calcAverage(Library.java:26)
	at Library.calcAverage(Library.java:26)
	at Library.calcAverage(Library.java:26)
	at Library.calcAverage(Library.java:26)
	at Library.calcAverage(Library.java:26)
	at Library.calcAverage(Library.java:26)
	at Library.calcAverage(Library.java:26)
	at Library.calcAverage(Library.java:26)
	at Library.calcAverage(Library.java:26)
	at Library.calcAverage(Library.java:26)
	at Library.calcAverage(Library.java:26)
	at Library.calcAverage(Library.java:26)
	at Library.calcAverage(Library.java:26)
	at Library.calcAverage(Library.java:26)
	at Library.calcAverage(Library.java:26)
	at Library.calcAverage(Library.java:26)
	at Library.calcAverage(Library.java:26)
	at Library.calcAverage(Library.java:26)
	at Library.calcAverage(Library.java:26)
	at Library.calcAverage(Library.java:26)
	at Library.calcAverage(Library.java:26)
	at Library.calcAverage(Library.java:26)
	at Library.calcAverage(Library.java:26)
	at Library.calcAverage(Library.java:26)
	at Library.calcAverage(Library.java:26)
	at Library.calcAverage(Library.java:26)
	at Library.calcAverage(Library.java:26)
	at Library.calcAverage(Library.java:26)
	at Library.calcAverage(Library.java:26)
	at Library.calcAverage(Library.java:26)
	at Library.calcAverage(Library.java:26)
	at Library.calcAverage(Library.java:26)
	at Library.calcAverage(Library.java:26)
	at Library.calcAverage(Library.java:26)
	at Library.calcAverage(Library.java:26)
	at Library.calcAverage(Library.java:26)
	at Library.calcAverage(Library.java:26)
	at Library.calcAverage(Library.java:26)
	at Library.calcAverage(Library.java:26)
	at Library.calcAverage(Library.java:26)
	at Library.calcAverage(Library.java:26)
	at Library.calcAverage(Library.java:26)
	at Library.calcAverage(Library.java:26)
	at Library.calcAverage(Library.java:26)
	at Library.calcAverage(Library.java:26)
	at Library.calcAverage(Library.java:26)
	at Library.calcAverage(Library.java:26)
	at Library.calcAverage(Library.java:26)
	at Library.calcAverage(Library.java:26)
	at Library.calcAverage(Library.java:26)
	at Library.calcAverage(Library.java:26)
	at Library.calcAverage(Library.java:26)
	at Library.calcAverage(Library.java:26)
	at Library.calcAverage(Library.java:26)
	at Library.calcAverage(Library.java:26)
	at Library.calcAverage(Library.java:26)
	at Library.calcAverage(Library.java:26)
	at Library.calcAverage(Library.java:26)
	at Library.calcAverage(Library.java:26)
	at Library.calcAverage(Library.java:26)
	at Library.calcAverage(Library.java:26)
	at Library.calcAverage(Library.java:26)
	at Library.calcAverage(Library.java:26)
	at Library.calcAverage(Library.java:26)
	at Library.calcAverage(Library.java:26)
	at Library.calcAverage(Library.java:26)
	at Library.calcAverage(Library.java:26)
	at Library.calcAverage(Library.java:26)
	at Library.calcAverage(Library.java:26)
	at Library.calcAverage(Library.java:26)
	at Library.calcAverage(Library.java:26)
	at Library.calcAverage(Library.java:26)
	at Library.calcAverage(Library.java:26)
	at Library.calcAverage(Library.java:26)
	at Library.calcAverage(Library.java:26)
	at Library.calcAverage(Library.java:26)
	at Library.calcAverage(Library.java:26)
	at Library.calcAverage(Library.java:26)
	at Library.calcAverage(Library.java:26)
	at Library.calcAverage(Library.java:26)
	at Library.calcAverage(Library.java:26)
	at Library.calcAverage(Library.java:26)
	at Library.calcAverage(Library.java:26)
	at Library.calcAverage(Library.java:26)
	at Library.calcAverage(Library.java:26)
	at Library.calcAverage(Library.java:26)
	at Library.calcAverage(Library.java:26)
	at Library.calcAverage(Library.java:26)
	at Library.calcAverage(Library.java:26)
	at Library.calcAverage(Library.java:26)
	at Library.calcAverage(Library.java:26)
	at Library.calcAverage(Library.java:26)
	at Library.calcAverage(Library.java:26)
	at Library.calcAverage(Library.java:26)
	at Library.calcAverage(Library.java:26)
	at Library.calcAverage(Library.java:26)
	at Library.calcAverage(Library.java:26)
	at Library.calcAverage(Library.java:26)
	at Library.calcAverage(Library.java:26)
	at Library.calcAverage(Library.java:26)
	at Library.calcAverage(Library.java:26)
	at Library.calcAverage(Library.java:26)
	at Library.calcAverage(Library.java:26)
	at Library.calcAverage(Library.java:26)
	at Library.calcAverage(Library.java:26)
	at Library.calcAverage(Library.java:26)
	at Library.calcAverage(Library.java:26)
	at Library.calcAverage(Library.java:26)
	at Library.calcAverage(Library.java:26)
	at Library.calcAverage(Library.java:26)
	at Library.calcAverage(Library.java:26)
	at Library.calcAverage(Library.java:26)
	at Library.calcAverage(Library.java:26)
	at Library.calcAverage(Library.java:26)
	at Library.calcAverage(Library.java:26)
	at Library.calcAverage(Library.java:26)
	at Library.calcAverage(Library.java:26)
	at Library.calcAverage(Library.java:26)
	at Library.calcAverage(Library.java:26)
	at Library.calcAverage(Library.java:26)
	at Library.calcAverage(Library.java:26)
	at Library.calcAverage(Library.java:26)
	at Library.calcAverage(Library.java:26)
	at Library.calcAverage(Library.java:26)
	at Library.calcAverage(Library.java:26)
	at Library.calcAverage(Library.java:26)
	at Library.calcAverage(Library.java:26)
	at Library.calcAverage(Library.java:26)
	at Library.calcAverage(Library.java:26)
	at Library.calcAverage(Library.java:26)
	at Library.calcAverage(Library.java:26)
	at Library.calcAverage(Library.java:26)
	at Library.calcAverage(Library.java:26)
	at Library.calcAverage(Library.java:26)
	at Library.calcAverage(Library.java:26)
	at Library.calcAverage(Library.java:26)
	at Library.calcAverage(Library.java:26)
	at Library.calcAverage(Library.java:26)
	at Library.calcAverage(Library.java:26)
	at Library.calcAverage(Library.java:26)
	at Library.calcAverage(Library.java:26)
	at Library.calcAverage(Library.java:26)
	at Library.calcAverage(Library.java:26)
	at Library.calcAverage(Library.java:26)
	at Library.calcAverage(Library.java:26)
	at Library.calcAverage(Library.java:26)
	at Library.calcAverage(Library.java:26)
	at Library.calcAverage(Library.java:26)
	at Library.calcAverage(Library.java:26)
	at Library.calcAverage(Library.java:26)
	at Library.calcAverage(Library.java:26)
	at Library.calcAverage(Library.java:26)
	at Library.calcAverage(Library.java:26)
	at Library.calcAverage(Library.java:26)
	at Library.calcAverage(Library.java:26)
	at Library.calcAverage(Library.java:26)
	at Library.calcAverage(Library.java:26)
	at Library.calcAverage(Library.java:26)
	at Library.calcAverage(Library.java:26)
	at Library.calcAverage(Library.java:26)
	at Library.calcAverage(Library.java:26)
	at Library.calcAverage(Library.java:26)
	at Library.calcAverage(Library.java:26)
	at Library.calcAverage(Library.java:26)
	at Library.calcAverage(Library.java:26)
	at Library.calcAverage(Library.java:26)
	at Library.calcAverage(Library.java:26)
	at Library.calcAverage(Library.java:26)
	at Library.calcAverage(Library.java:26)
	at Library.calcAverage(Library.java:26)
	at Library.calcAverage(Library.java:26)
	at Library.calcAverage(Library.java:26)
	at Library.calcAverage(Library.java:26)
	at Library.calcAverage(Library.java:26)
	at Library.calcAverage(Library.java:26)
	at Library.calcAverage(Library.java:26)
	at Library.calcAverage(Library.java:26)
	at Library.calcAverage(Library.java:26)
	at Library.calcAverage(Library.java:26)
	at Library.calcAverage(Library.java:26)
	at Library.calcAverage(Library.java:26)
	at Library.calcAverage(Library.java:26)
	at Library.calcAverage(Library.java:26)
	at Library.calcAverage(Library.java:26)
	at Library.calcAverage(Library.java:26)
	at Library.calcAverage(Library.java:26)
	at Library.calcAverage(Library.java:26)
	at Library.calcAverage(Library.java:26)
	at Library.calcAverage(Library.java:26)
	at Library.calcAverage(Library.java:26)
	at Library.calcAverage(Library.java:26)
	at Library.calcAverage(Library.java:26)
	at Library.calcAverage(Library.java:26)
	at Library.calcAverage(Library.java:26)
	at Library.calcAverage(Library.java:26)
	at Library.calcAverage(Library.java:26)
	at Library.calcAverage(Library.java:26)
	at Library.calcAverage(Library.java:26)
	at Library.calcAverage(Library.java:26)
	at Library.calcAverage(Library.java:26)
	at Library.calcAverage(Library.java:26)
	at Library.calcAverage(Library.java:26)
	at Library.calcAverage(Library.java:26)
	at Library.calcAverage(Library.java:26)
	at Library.calcAverage(Library.java:26)
	at Library.calcAverage(Library.java:26)
	at Library.calcAverage(Library.java:26)
	at Library.calcAverage(Library.java:26)
	at Library.calcAverage(Library.java:26)
	at Library.calcAverage(Library.java:26)
	at Library.calcAverage(Library.java:26)
	at Library.calcAverage(Library.java:26)
	at Library.calcAverage(Library.java:26)
	at Library.calcAverage(Library.java:26)
	at Library.calcAverage(Library.java:26)
	at Library.calcAverage(Library.java:26)
	at Library.calcAverage(Library.java:26)
	at Library.calcAverage(Library.java:26)
	at Library.calcAverage(Library.java:26)
	at Library.calcAverage(Library.java:26)
	at Library.calcAverage(Library.java:26)
	at Library.calcAverage(Library.java:26)
	at Library.calcAverage(Library.java:26)
	at Library.calcAverage(Library.java:26)
	at Library.calcAverage(Library.java:26)
	at Library.calcAverage(Library.java:26)
	at Library.calcAverage(Library.java:26)
	at Library.calcAverage(Library.java:26)
	at Library.calcAverage(Library.java:26)
	at Library.calcAverage(Library.java:26)
	at Library.calcAverage(Library.java:26)
	at Library.calcAverage(Library.java:26)
	at Library.calcAverage(Library.java:26)
	at Library.calcAverage(Library.java:26)
	at Library.calcAverage(Library.java:26)
	at Library.calcAverage(Library.java:26)
	at Library.calcAverage(Library.java:26)
	at Library.calcAverage(Library.java:26)
	at Library.calcAverage(Library.java:26)
	at Library.calcAverage(Library.java:26)
	at Library.calcAverage(Library.java:26)
	at Library.calcAverage(Library.java:26)
	at Library.calcAverage(Library.java:26)
	at Library.calcAverage(Library.java:26)
	at Library.calcAverage(Library.java:26)
	at Library.calcAverage(Library.java:26)
	at Library.calcAverage(Library.java:26)
	at Library.calcAverage(Library.java:26)
	at Library.calcAverage(Library.java:26)
	at Library.calcAverage(Library.java:26)
	at Library.calcAverage(Library.java:26)
	at Library.calcAverage(Library.java:26)
	at Library.calcAverage(Library.java:26)
	at Library.calcAverage(Library.java:26)
	at Library.calcAverage(Library.java:26)
	at Library.calcAverage(Library.java:26)
	at Library.calcAverage(Library.java:26)
	at Library.calcAverage(Library.java:26)
	at Library.calcAverage(Library.java:26)
	at Library.calcAverage(Library.java:26)
	at Library.calcAverage(Library.java:26)
	at Library.calcAverage(Library.java:26)
	at Library.calcAverage(Library.java:26)
	at Library.calcAverage(Library.java:26)
	at Library.calcAverage(Library.java:26)
	at Library.calcAverage(Library.java:26)
	at Library.calcAverage(Library.java:26)
	at Library.calcAverage(Library.java:26)
	at Library.calcAverage(Library.java:26)
	at Library.calcAverage(Library.java:26)
	at Library.calcAverage(Library.java:26)
	at Library.calcAverage(Library.java:26)
	at Library.calcAverage(Library.java:26)
	at Library.calcAverage(Library.java:26)
	at Library.calcAverage(Library.java:26)
	at Library.calcAverage(Library.java:26)
	at Library.calcAverage(Library.java:26)
	at Library.calcAverage(Library.java:26)
	at Library.calcAverage(Library.java:26)
	at Library.calcAverage(Library.java:26)
	at Library.calcAverage(Library.java:26)
	at Library.calcAverage(Library.java:26)
	at Library.calcAverage(Library.java:26)
	at Library.calcAverage(Library.java:26)
	at Library.calcAverage(Library.java:26)
	at Library.calcAverage(Library.java:26)
	at Library.calcAverage(Library.java:26)
	at Library.calcAverage(Library.java:26)
	at Library.calcAverage(Library.java:26)
	at Library.calcAverage(Library.java:26)
	at Library.calcAverage(Library.java:26)
	at Library.calcAverage(Library.java:26)
	at Library.calcAverage(Library.java:26)
	at Library.calcAverage(Library.java:26)
	at Library.calcAverage(Library.java:26)
	at Library.calcAverage(Library.java:26)
	at Library.calcAverage(Library.java:26)
	at Library.calcAverage(Library.java:26)
	at Library.calcAverage(Library.java:26)
	at Library.calcAverage(Library.java:26)
	at Library.calcAverage(Library.java:26)
	at Library.calcAverage(Library.java:26)
	at Library.calcAverage(Library.java:26)
	at Library.calcAverage(Library.java:26)
	at Library.calcAverage(Library.java:26)
	at Library.calcAverage(Library.java:26)
	at Library.calcAverage(Library.java:26)
	at Library.calcAverage(Library.java:26)
	at Library.calcAverage(Library.java:26)
	at Library.calcAverage(Library.java:26)
	at Library.calcAverage(Library.java:26)
	at Library.calcAverage(Library.java:26)
	at Library.calcAverage(Library.java:26)
	at Library.calcAverage(Library.java:26)
	at Library.calcAverage(Library.java:26)
	at Library.calcAverage(Library.java:26)
	at Library.calcAverage(Library.java:26)
	at Library.calcAverage(Library.java:26)
	at Library.calcAverage(Library.java:26)
	at Library.calcAverage(Library.java:26)
	at Library.calcAverage(Library.java:26)
	at Library.calcAverage(Library.java:26)
	at Library.calcAverage(Library.java:26)
	at Library.calcAverage(Library.java:26)
	at Library.calcAverage(Library.java:26)
	at Library.calcAverage(Library.java:26)
	at Library.calcAverage(Library.java:26)
	at Library.calcAverage(Library.java:26)
	at Library.calcAverage(Library.java:26)
	at Library.calcAverage(Library.java:26)
	at Library.calcAverage(Library.java:26)
	at Library.calcAverage(Library.java:26)
	at Library.calcAverage(Library.java:26)
	at Library.calcAverage(Library.java:26)
	at Library.calcAverage(Library.java:26)
	at Library.calcAverage(Library.java:26)
	at Library.calcAverage(Library.java:26)
	at Library.calcAverage(Library.java:26)
	at Library.calcAverage(Library.java:26)
	at Library.calcAverage(Library.java:26)
	at Library.calcAverage(Library.java:26)
	at Library.calcAverage(Library.java:26)
	at Library.calcAverage(Library.java:26)
	at Library.calcAverage(Library.java:26)
	at Library.calcAverage(Library.java:26)
	at Library.calcAverage(Library.java:26)
	at Library.calcAverage(Library.java:26)
	at Library.calcAverage(Library.java:26)
	at Library.calcAverage(Library.java:26)
	at Library.calcAverage(Library.java:26)
	at Library.calcAverage(Library.java:26)
	at Library.calcAverage(Library.java:26)
	at Library.calcAverage(Library.java:26)
	at Library.calcAverage(Library.java:26)
	at Library.calcAverage(Library.java:26)
	at Library.calcAverage(Library.java:26)
	at Library.calcAverage(Library.java:26)
	at Library.calcAverage(Library.java:26)
	at Library.calcAverage(Library.java:26)
	at Library.calcAverage(Library.java:26)
	at Library.calcAverage(Library.java:26)
	at Library.calcAverage(Library.java:26)
	at Library.calcAverage(Library.java:26)
	at Library.calcAverage(Library.java:26)
	at Library.calcAverage(Library.java:26)
	at Library.calcAverage(Library.java:26)
	at Library.calcAverage(Library.java:26)
	at Library.calcAverage(Library.java:26)
	at Library.calcAverage(Library.java:26)
	at Library.calcAverage(Library.java:26)
	at Library.calcAverage(Library.java:26)
	at Library.calcAverage(Library.java:26)
	at Library.calcAverage(Library.java:26)
	at Library.calcAverage(Library.java:26)
	at Library.calcAverage(Library.java:26)
	at Library.calcAverage(Library.java:26)
	at Library.calcAverage(Library.java:26)
	at Library.calcAverage(Library.java:26)
	at Library.calcAverage(Library.java:26)
	at Library.calcAverage(Library.java:26)
	at Library.calcAverage(Library.java:26)
	at Library.calcAverage(Library.java:26)
	at Library.calcAverage(Library.java:26)
	at Library.calcAverage(Library.java:26)
	at Library.calcAverage(Library.java:26)
	at Library.calcAverage(Library.java:26)
	at Library.calcAverage(Library.java:26)
	at Library.calcAverage(Library.java:26)
	at Library.calcAverage(Library.java:26)
	at Library.calcAverage(Library.java:26)
	at Library.calcAverage(Library.java:26)
	at Library.calcAverage(Library.java:26)
	at Library.calcAverage(Library.java:26)
	at Library.calcAverage(Library.java:26)
	at Library.calcAverage(Library.java:26)
	at Library.calcAverage(Library.java:26)
	at Library.calcAverage(Library.java:26)
	at Library.calcAverage(Library.java:26)
	at Library.calcAverage(Library.java:26)
	at Library.calcAverage(Library.java:26)
	at Library.calcAverage(Library.java:26)
	at Library.calcAverage(Library.java:26)
	at Library.calcAverage(Library.java:26)
	at Library.calcAverage(Library.java:26)
	at Library.calcAverage(Library.java:26)
	at Library.calcAverage(Library.java:26)
	at Library.calcAverage(Library.java:26)
	at Library.calcAverage(Library.java:26)
	at Library.calcAverage(Library.java:26)
	at Library.calcAverage(Library.java:26)
	at Library.calcAverage(Library.java:26)
	at Library.calcAverage(Library.java:26)
	at Library.calcAverage(Library.java:26)
	at Library.calcAverage(Library.java:26)
	at Library.calcAverage(Library.java:26)
	at Library.calcAverage(Library.java:26)
	at Library.calcAverage(Library.java:26)
	at Library.calcAverage(Library.java:26)
	at Library.calcAverage(Library.java:26)
	at Library.calcAverage(Library.java:26)
	at Library.calcAverage(Library.java:26)
	at Library.calcAverage(Library.java:26)
	at Library.calcAverage(Library.java:26)
	at Library.calcAverage(Library.java:26)
	at Library.calcAverage(Library.java:26)
	at Library.calcAverage(Library.java:26)
	at Library.calcAverage(Library.java:26)
	at Library.calcAverage(Library.java:26)
	at Library.calcAverage(Library.java:26)
	at Library.calcAverage(Library.java:26)
	at Library.calcAverage(Library.java:26)
	at Library.calcAverage(Library.java:26)
	at Library.calcAverage(Library.java:26)
	at Library.calcAverage(Library.java:26)
	at Library.calcAverage(Library.java:26)
	at Library.calcAverage(Library.java:26)
	at Library.calcAverage(Library.java:26)
	at Library.calcAverage(Library.java:26)
	at Library.calcAverage(Library.java:26)
	at Library.calcAverage(Library.java:26)
	at Library.calcAverage(Library.java:26)
	at Library.calcAverage(Library.java:26)
	at Library.calcAverage(Library.java:26)
	at Library.calcAverage(Library.java:26)
	at Library.calcAverage(Library.java:26)
	at Library.calcAverage(Library.java:26)
	at Library.calcAverage(Library.java:26)
	at Library.calcAverage(Library.java:26)
	at Library.calcAverage(Library.java:26)
	at Library.calcAverage(Library.java:26)
	at Library.calcAverage(Library.java:26)
	at Library.calcAverage(Library.java:26)
	at Library.calcAverage(Library.java:26)
	at Library.calcAverage(Library.java:26)
	at Library.calcAverage(Library.java:26)
	at Library.calcAverage(Library.java:26)
	at Library.calcAverage(Library.java:26)
	at Library.calcAverage(Library.java:26)
	at Library.calcAverage(Library.java:26)
	at Library.calcAverage(Library.java:26)
	at Library.calcAverage(Library.java:26)
	at Library.calcAverage(Library.java:26)
	at Library.calcAverage(Library.java:26)
	at Library.calcAverage(Library.java:26)
	at Library.calcAverage(Library.java:26)
	at Library.calcAverage(Library.java:26)
	at Library.calcAverage(Library.java:26)
	at Library.calcAverage(Library.java:26)
	at Library.calcAverage(Library.java:26)
	at Library.calcAverage(Library.java:26)
	at Library.calcAverage(Library.java:26)
	at Library.calcAverage(Library.java:26)
	at Library.calcAverage(Library.java:26)
	at Library.calcAverage(Library.java:26)
	at Library.calcAverage(Library.java:26)
	at Library.calcAverage(Library.java:26)
	at Library.calcAverage(Library.java:26)
	at Library.calcAverage(Library.java:26)
	at Library.calcAverage(Library.java:26)
	at Library.calcAverage(Library.java:26)
	at Library.calcAverage(Library.java:26)
	at Library.calcAverage(Library.java:26)
	at Library.calcAverage(Library.java:26)
	at Library.calcAverage(Library.java:26)
	at Library.calcAverage(Library.java:26)
	at Library.calcAverage(Library.java:26)
	at Library.calcAverage(Library.java:26)
	at Library.calcAverage(Library.java:26)
	at Library.calcAverage(Library.java:26)
	at Library.calcAverage(Library.java:26)
	at Library.calcAverage(Library.java:26)
	at Library.calcAverage(Library.java:26)
	at Library.calcAverage(Library.java:26)
	at Library.calcAverage(Library.java:26)
	at Library.calcAverage(Library.java:26)
	at Library.calcAverage(Library.java:26)
	at Library.calcAverage(Library.java:26)
	at Library.calcAverage(Library.java:26)
	at Library.calcAverage(Library.java:26)
	at Library.calcAverage(Library.java:26)
	at Library.calcAverage(Library.java:26)
	at Library.calcAverage(Library.java:26)
	at Library.calcAverage(Library.java:26)
	at Library.calcAverage(Library.java:26)
	at Library.calcAverage(Library.java:26)
	at Library.calcAverage(Library.java:26)
	at Library.calcAverage(Library.java:26)
	at Library.calcAverage(Library.java:26)
	at Library.calcAverage(Library.java:26)
	at Library.calcAverage(Library.java:26)
	at Library.calcAverage(Library.java:26)
	at Library.calcAverage(Library.java:26)
	at Library.calcAverage(Library.java:26)
	at Library.calcAverage(Library.java:26)
	at Library.calcAverage(Library.java:26)
	at Library.calcAverage(Library.java:26)
	at Library.calcAverage(Library.java:26)
	at Library.calcAverage(Library.java:26)
	at Library.calcAverage(Library.java:26)
	at Library.calcAverage(Library.java:26)
	at Library.calcAverage(Library.java:26)
	at Library.calcAverage(Library.java:26)
	at Library.calcAverage(Library.java:26)
	at Library.calcAverage(Library.java:26)
	at Library.calcAverage(Library.java:26)
	at Library.calcAverage(Library.java:26)
	at Library.calcAverage(Library.java:26)
	at Library.calcAverage(Library.java:26)
	at Library.calcAverage(Library.java:26)
	at Library.calcAverage(Library.java:26)
	at Library.calcAverage(Library.java:26)
	at Library.calcAverage(Library.java:26)
	at Library.calcAverage(Library.java:26)
	at Library.calcAverage(Library.java:26)
	at Library.calcAverage(Library.java:26)
	at Library.calcAverage(Library.java:26)
	at Library.calcAverage(Library.java:26)
	at Library.calcAverage(Library.java:26)
	at Library.calcAverage(Library.java:26)
	at Library.calcAverage(Library.java:26)
	at Library.calcAverage(Library.java:26)
	at Library.calcAverage(Library.java:26)
	at Library.calcAverage(Library.java:26)
	at Library.calcAverage(Library.java:26)
	at Library.calcAverage(Library.java:26)
	at Library.calcAverage(Library.java:26)
	at Library.calcAverage(Library.java:26)
	at Library.calcAverage(Library.java:26)
	at Library.calcAverage(Library.java:26)
	at Library.calcAverage(Library.java:26)
	at Library.calcAverage(Library.java:26)
	at Library.calcAverage(Library.java:26)
	at Library.calcAverage(Library.java:26)
	at Library.calcAverage(Library.java:26)
	at Library.calcAverage(Library.java:26)
	at Library.calcAverage(Library.java:26)
	at Library.calcAverage(Library.java:26)
	at Library.calcAverage(Library.java:26)
	at Library.calcAverage(Library.java:26)
	at Library.calcAverage(Library.java:26)
	at Library.calcAverage(Library.java:26)
	at Library.calcAverage(Library.java:26)
	at Library.calcAverage(Library.java:26)
	at Library.calcAverage(Library.java:26)
	at Library.calcAverage(Library.java:26)
	at Library.calcAverage(Library.java:26)
	at Library.calcAverage(Library.java:26)
	at Library.calcAverage(Library.java:26)
	at Library.calcAverage(Library.java:26)
	at Library.calcAverage(Library.java:26)
	at Library.calcAverage(Library.java:26)
	at Library.calcAverage(Library.java:26)
	at Library.calcAverage(Library.java:26)
	at Library.calcAverage(Library.java:26)
	at Library.calcAverage(Library.java:26)
	at Library.calcAverage(Library.java:26)
	at Library.calcAverage(Library.java:26)
	at Library.calcAverage(Library.java:26)
	at Library.calcAverage(Library.java:26)
	at Library.calcAverage(Library.java:26)
	at Library.calcAverage(Library.java:26)
	at Library.calcAverage(Library.java:26)
	at Library.calcAverage(Library.java:26)
	at Library.calcAverage(Library.java:26)
	at Library.calcAverage(Library.java:26)
	at Library.calcAverage(Library.java:26)
	at Library.calcAverage(Library.java:26)
	at Library.calcAverage(Library.java:26)
	at Library.calcAverage(Library.java:26)
	at Library.calcAverage(Library.java:26)
	at Library.calcAverage(Library.java:26)
	at Library.calcAverage(Library.java:26)
	at Library.calcAverage(Library.java:26)
	at Library.calcAverage(Library.java:26)
	at Library.calcAverage(Library.java:26)
	at Library.calcAverage(Library.java:26)
	at Library.calcAverage(Library.java:26)
	at Library.calcAverage(Library.java:26)
	at Library.calcAverage(Library.java:26)
	at Library.calcAverage(Library.java:26)
	at Library.calcAverage(Library.java:26)
	at Library.calcAverage(Library.java:26)
	at Library.calcAverage(Library.java:26)
	at Library.calcAverage(Library.java:26)
	at Library.calcAverage(Library.java:26)
	at Library.calcAverage(Library.java:26)
	at Library.calcAverage(Library.java:26)
	at Library.calcAverage(Library.java:26)
	at Library.calcAverage(Library.java:26)
	at Library.calcAverage(Library.java:26)
	at Library.calcAverage(Library.java:26)
	at Library.calcAverage(Library.java:26)
	at Library.calcAverage(Library.java:26)
	at Library.calcAverage(Library.java:26)
	at Library.calcAverage(Library.java:26)
	at Library.calcAverage(Library.java:26)
	at Library.calcAverage(Library.java:26)
	at Library.calcAverage(Library.java:26)
	at Library.calcAverage(Library.java:26)
	at Library.calcAverage(Library.java:26)
	at Library.calcAverage(Library.java:26)
	at Library.calcAverage(Library.java:26)
	at Library.calcAverage(Library.java:26)
	at Library.calcAverage(Library.java:26)
	at Library.calcAverage(Library.java:26)
	at Library.calcAverage(Library.java:26)
	at Library.calcAverage(Library.java:26)
	at Library.calcAverage(Library.java:26)
	at Library.calcAverage(Library.java:26)
	at Library.calcAverage(Library.java:26)
	at Library.calcAverage(Library.java:26)
	at Library.calcAverage(Library.java:26)
	at Library.calcAverage(Library.java:26)
	at Library.calcAverage(Library.java:26)
	at Library.calcAverage(Library.java:26)
	at Library.calcAverage(Library.java:26)
	at Library.calcAverage(Library.java:26)
	at Library.calcAverage(Library.java:26)
	at Library.calcAverage(Library.java:26)
	at Library.calcAverage(Library.java:26)
	at Library.calcAverage(Library.java:26)
	at Library.calcAverage(Library.java:26)
	at Library.calcAverage(Library.java:26)
	at Library.calcAverage(Library.java:26)
	at Library.calcAverage(Library.java:26)
	at Library.calcAverage(Library.java:26)
	at Library.calcAverage(Library.java:26)
	at Library.calcAverage(Library.java:26)
	at Library.calcAverage(Library.java:26)
	at Library.calcAverage(Library.java:26)
	at Library.calcAverage(Library.java:26)
	at Library.calcAverage(Library.java:26)
	at Library.calcAverage(Library.java:26)
	at Library.calcAverage(Library.java:26)
	at Library.calcAverage(Library.java:26)
	at Library.calcAverage(Library.java:26)
	at Library.calcAverage(Library.java:26)
	at Library.calcAverage(Library.java:26)
	at Library.calcAverage(Library.java:26)
	at Library.calcAverage(Library.java:26)
	at Library.calcAverage(Library.java:26)
	at Library.calcAverage(Library.java:26)
	at Library.calcAverage(Library.java:26)
	at Library.calcAverage(Library.java:26)
	at Library.calcAverage(Library.java:26)
	at Library.calcAverage(Library.java:26)
	at Library.calcAverage(Library.java:26)
	at Library.calcAverage(Library.java:26)
	at Library.calcAverage(Library.java:26)
	at Library.calcAverage(Library.java:26)
	at Library.calcAverage(Library.java:26)
	at Library.calcAverage(Library.java:26)
	at Library.calcAverage(Library.java:26)
	at Library.calcAverage(Library.java:26)
	at Library.calcAverage(Library.java:26)
	at Library.calcAverage(Library.java:26)
	at Library.calcAverage(Library.java:26)
	at Library.calcAverage(Library.java:26)
	at Library.calcAverage(Library.java:26)
	at Library.calcAverage(Library.java:26)
	at Library.calcAverage(Library.java:26)
	at Library.calcAverage(Library.java:26)
	at Library.calcAverage(Library.java:26)
	at Library.calcAverage(Library.java:26)
	at Library.calcAverage(Library.java:26)
	at Library.calcAverage(Library.java:26)
	at Library.calcAverage(Library.java:26)
	at Library.calcAverage(Library.java:26)
	at Library.calcAverage(Library.java:26)
	at Library.calcAverage(Library.java:26)
	at Library.calcAverage(Library.java:26)
	at Library.calcAverage(Library.java:26)
	at Library.calcAverage(Library.java:26)
	at Library.calcAverage(Library.java:26)
	at Library.calcAverage(Library.java:26)
	at Library.calcAverage(Library.java:26)
	at Library.calcAverage(Library.java:26)
	at Library.calcAverage(Library.java:26)
	at Library.calcAverage(Library.java:26)
	at Library.calcAverage(Library.java:26)
	at Library.calcAverage(Library.java:26)
	at Library.calcAverage(Library.java:26)
	at Library.calcAverage(Library.java:26)
	at Library.calcAverage(Library.java:26)
	at Library.calcAverage(Library.java:26)
	at Library.calcAverage(Library.java:26)
	at Library.calcAverage(Library.java:26)
	at Library.calcAverage(Library.java:26)
	at Library.calcAverage(Library.java:26)
	at Library.calcAverage(Library.java:26)
	at Library.calcAverage(Library.java:26)
	at Library.calcAverage(Library.java:26)
	at Library.calcAverage(Library.java:26)
	at Library.calcAverage(Library.java:26)
	at Library.calcAverage(Library.java:26)
	at Library.calcAverage(Library.java:26)
	at Library.calcAverage(Library.java:26)
</failure>
  </testcase>
  <system-out><![CDATA[]]></system-out>
  <system-err><![CDATA[]]></system-err>
</testsuite>
